81 53 58 44 75 39 
63 19 69 19 75 39 
58 44 63 19 75 39 
25 5 19 24 3 3 
19 24 1 42 3 3 
4 61 1 42 9 54 
1 42 19 24 14 37 
9 54 1 42 14 37 
25 5 63 19 32 21 
19 24 25 5 32 21 
63 19 58 44 32 21 
58 44 37 63 32 21 
37 63 14 37 32 21 
14 37 19 24 32 21 
91 84 81 53 98 86 
37 63 4 61 18 59 
4 61 9 54 18 59 
9 54 14 37 18 59 
14 37 37 63 18 59 
69 19 63 19 79 13 
63 19 25 5 79 13 
75 39 69 19 87 33 
69 19 79 13 87 33 
81 53 75 39 87 33 
98 86 81 53 87 33 
81 53 91 84 71 86 
37 63 58 44 71 86 
58 44 81 53 71 86 
91 84 98 86 71 86 
